Traceback (most recent call last):
  File "/cvmfs/soft.computecanada.ca/easybuild/software/2017/Core/python/3.6.3/bin/virtualenv", line 11, in <module>
    load_entry_point('virtualenv==15.1.0', 'console_scripts', 'virtualenv')()
  File "/cvmfs/soft.computecanada.ca/easybuild/software/2017/Core/python/3.6.3/lib/python3.6/site-packages/virtualenv-15.1.0-py3.6.egg/virtualenv.py", line 713, in main
    symlink=options.symlink)
  File "/cvmfs/soft.computecanada.ca/easybuild/software/2017/Core/python/3.6.3/lib/python3.6/site-packages/virtualenv-15.1.0-py3.6.egg/virtualenv.py", line 925, in create_environment
    site_packages=site_packages, clear=clear, symlink=symlink))
  File "/cvmfs/soft.computecanada.ca/easybuild/software/2017/Core/python/3.6.3/lib/python3.6/site-packages/virtualenv-15.1.0-py3.6.egg/virtualenv.py", line 1231, in install_python
    shutil.copyfile(executable, py_executable)
  File "/cvmfs/soft.computecanada.ca/easybuild/software/2017/Core/python/3.6.3/lib/python3.6/shutil.py", line 121, in copyfile
    with open(dst, 'wb') as fdst:
OSError: [Errno 26] Text file busy: '/home/azishan/ENV/bin/python'
Ignoring pip: markers 'python_version < "3"' don't match your environment
Ignoring pip: markers 'python_version < "3"' don't match your environment
/home/azishan/ENV/lib/python3.6/site-packages/tensorflow/python/framework/dtypes.py:469: FutureWarning: Passing (type, 1) or '1type' as a synonym of type is deprecated; in a future version of numpy, it will be understood as (type, (1,)) / '(1,)type'.
  _np_qint8 = np.dtype([("qint8", np.int8, 1)])
/home/azishan/ENV/lib/python3.6/site-packages/tensorflow/python/framework/dtypes.py:470: FutureWarning: Passing (type, 1) or '1type' as a synonym of type is deprecated; in a future version of numpy, it will be understood as (type, (1,)) / '(1,)type'.
  _np_quint8 = np.dtype([("quint8", np.uint8, 1)])
/home/azishan/ENV/lib/python3.6/site-packages/tensorflow/python/framework/dtypes.py:471: FutureWarning: Passing (type, 1) or '1type' as a synonym of type is deprecated; in a future version of numpy, it will be understood as (type, (1,)) / '(1,)type'.
  _np_qint16 = np.dtype([("qint16", np.int16, 1)])
/home/azishan/ENV/lib/python3.6/site-packages/tensorflow/python/framework/dtypes.py:472: FutureWarning: Passing (type, 1) or '1type' as a synonym of type is deprecated; in a future version of numpy, it will be understood as (type, (1,)) / '(1,)type'.
  _np_quint16 = np.dtype([("quint16", np.uint16, 1)])
/home/azishan/ENV/lib/python3.6/site-packages/tensorflow/python/framework/dtypes.py:473: FutureWarning: Passing (type, 1) or '1type' as a synonym of type is deprecated; in a future version of numpy, it will be understood as (type, (1,)) / '(1,)type'.
  _np_qint32 = np.dtype([("qint32", np.int32, 1)])
/home/azishan/ENV/lib/python3.6/site-packages/tensorflow/python/framework/dtypes.py:476: FutureWarning: Passing (type, 1) or '1type' as a synonym of type is deprecated; in a future version of numpy, it will be understood as (type, (1,)) / '(1,)type'.
  np_resource = np.dtype([("resource", np.ubyte, 1)])
/home/azishan/ENV/lib/python3.6/site-packages/sklearn/externals/joblib/__init__.py:15: DeprecationWarning: sklearn.externals.joblib is deprecated in 0.21 and will be removed in 0.23. Please import this functionality directly from joblib, which can be installed with: pip install joblib. If this warning is raised when loading pickled models, you may need to re-serialize those models with scikit-learn 0.21+.
  warnings.warn(msg, category=DeprecationWarning)
WARNING:tensorflow:From main.py:112: get_global_step (from tensorflow.contrib.framework.python.ops.variables) is deprecated and will be removed in a future version.
Instructions for updating:
Please switch to tf.train.get_global_step
WARNING:tensorflow:From /home/azishan/ENV/lib/python3.6/site-packages/tensorflow/python/util/tf_should_use.py:107: initialize_all_variables (from tensorflow.python.ops.variables) is deprecated and will be removed after 2017-03-02.
Instructions for updating:
Use `tf.global_variables_initializer` instead.
